<?xml version="1.0" encoding="UTF-8"?><testsuite errors="0" failures="0" name="bnie1869serenity2.features.search.SearchByKeywordStory" skipped="1" tests="5" time="48.31" timestamp="2018-05-09T09:37:42.983+03:00[Europe/Athens]"><testcase classname="bnie1869serenity2.features.search.SearchByKeywordStory" name="Searching by keyword water should display the corresponding article"/><testcase classname="bnie1869serenity2.features.search.SearchByKeywordStory" name="Searching by keyword banana should display the corresponding article"/><testcase classname="bnie1869serenity2.features.search.SearchByKeywordStory" name="Searching by keyword cola should display the corresponding article"/><testcase classname="bnie1869serenity2.features.search.SearchByKeywordStory" name="Searching by ambiguious keyword should display the disambiguation page"><skipped/></testcase><testcase classname="bnie1869serenity2.features.search.SearchByKeywordStory" name="Searching by keyword apple should display the corresponding article"/></testsuite>