<?xml version="1.0" encoding="UTF-8"?><testsuite errors="0" failures="0" name="bnie1869serenity2.features.search.SearchByKeywordStory" skipped="1" tests="3" time="36.47" timestamp="2018-05-09T09:27:26.462+03:00[Europe/Athens]"><testcase classname="bnie1869serenity2.features.search.SearchByKeywordStory" name="Searching by keyword banana should display the corresponding article"/><testcase classname="bnie1869serenity2.features.search.SearchByKeywordStory" name="Searching by ambiguious keyword should display the disambiguation page"><skipped/></testcase><testcase classname="bnie1869serenity2.features.search.SearchByKeywordStory" name="Searching by keyword apple should display the corresponding article"/></testsuite>